app/build/intermediates/manifest_merge_blame_file/release/manifest-merger-blame-release-report.txt
1<?xml version="1.0" encoding="utf-8"?>
2<manifest xmlns:android="http://schemas.android.com/apk/res/android"
3    package="com.dt.manager"
4    android:versionCode="1"
5    android:versionName="0.1.0" >
6
7    <uses-sdk
8        android:minSdkVersion="21"
9        android:targetSdkVersion="28" />
10
11    <uses-permission
11-->src/main/AndroidManifest.xml:5:5-107
12        android:name="android.permission.READ_EXTERNAL_STORAGE"
12-->src/main/AndroidManifest.xml:5:22-77
13        android:maxSdkVersion="32" />
13-->src/main/AndroidManifest.xml:5:78-104
14    <uses-permission
14-->src/main/AndroidManifest.xml:6:5-108
15        android:name="android.permission.WRITE_EXTERNAL_STORAGE"
15-->src/main/AndroidManifest.xml:6:22-78
16        android:maxSdkVersion="29" />
16-->src/main/AndroidManifest.xml:6:79-105
17    <uses-permission android:name="android.permission.MANAGE_EXTERNAL_STORAGE" />
17-->src/main/AndroidManifest.xml:7:5-111
17-->src/main/AndroidManifest.xml:7:22-79
18    <uses-permission android:name="android.permission.REQUEST_INSTALL_PACKAGES" />
18-->src/main/AndroidManifest.xml:8:5-83
18-->src/main/AndroidManifest.xml:8:22-80
19    <uses-permission android:name="android.permission.REQUEST_DELETE_PACKAGES" />
19-->src/main/AndroidManifest.xml:9:5-82
19-->src/main/AndroidManifest.xml:9:22-79
20    <uses-permission android:name="android.permission.QUERY_ALL_PACKAGES" />
20-->src/main/AndroidManifest.xml:10:5-119
20-->src/main/AndroidManifest.xml:10:22-74
21    <uses-permission android:name="android.permission.FOREGROUND_SERVICE" />
21-->src/main/AndroidManifest.xml:11:5-77
21-->src/main/AndroidManifest.xml:11:22-74
22
23    <permission
23-->[androidx.core:core:1.12.0] AndroidManifest.xml:22:5-24:47
24        android:name="com.dt.manager.DYNAMIC_RECEIVER_NOT_EXPORTED_PERMISSION"
24-->[androidx.core:core:1.12.0] AndroidManifest.xml:23:9-81
25        android:protectionLevel="signature" />
25-->[androidx.core:core:1.12.0] AndroidManifest.xml:24:9-44
26
27    <uses-permission android:name="com.dt.manager.DYNAMIC_RECEIVER_NOT_EXPORTED_PERMISSION" />
27-->[androidx.core:core:1.12.0] AndroidManifest.xml:26:5-97
27-->[androidx.core:core:1.12.0] AndroidManifest.xml:26:22-94
28
29    <application
29-->src/main/AndroidManifest.xml:13:5-67:19
30        android:allowBackup="true"
30-->src/main/AndroidManifest.xml:14:9-35
31        android:appComponentFactory="androidx.core.app.CoreComponentFactory"
31-->[androidx.core:core:1.12.0] AndroidManifest.xml:28:18-86
32        android:extractNativeLibs="true"
33        android:icon="@mipmap/ic_launcher"
33-->src/main/AndroidManifest.xml:15:9-43
34        android:label="@string/app_name"
34-->src/main/AndroidManifest.xml:16:9-41
35        android:requestLegacyExternalStorage="true"
35-->src/main/AndroidManifest.xml:20:9-52
36        android:roundIcon="@mipmap/ic_launcher_round"
36-->src/main/AndroidManifest.xml:17:9-54
37        android:supportsRtl="true"
37-->src/main/AndroidManifest.xml:18:9-35
38        android:theme="@style/Theme.DTManager" >
38-->src/main/AndroidManifest.xml:19:9-47
39        <activity
39-->src/main/AndroidManifest.xml:23:9-30:20
40            android:name="com.dt.manager.MainActivity"
40-->src/main/AndroidManifest.xml:24:13-41
41            android:exported="true" >
41-->src/main/AndroidManifest.xml:25:13-36
42            <intent-filter>
42-->src/main/AndroidManifest.xml:26:13-29:29
43                <action android:name="android.intent.action.MAIN" />
43-->src/main/AndroidManifest.xml:27:17-69
43-->src/main/AndroidManifest.xml:27:25-66
44
45                <category android:name="android.intent.category.LAUNCHER" />
45-->src/main/AndroidManifest.xml:28:17-77
45-->src/main/AndroidManifest.xml:28:27-74
46            </intent-filter>
47        </activity>
48        <activity
48-->src/main/AndroidManifest.xml:32:9-36:56
49            android:name="com.dt.manager.ui.ApkViewerActivity"
49-->src/main/AndroidManifest.xml:33:13-49
50            android:exported="false"
50-->src/main/AndroidManifest.xml:34:13-37
51            android:label="@string/title_apk_viewer"
51-->src/main/AndroidManifest.xml:36:13-53
52            android:parentActivityName="com.dt.manager.MainActivity" />
52-->src/main/AndroidManifest.xml:35:13-55
53        <activity
53-->src/main/AndroidManifest.xml:38:9-42:56
54            android:name="com.dt.manager.ui.DexViewerActivity"
54-->src/main/AndroidManifest.xml:39:13-49
55            android:exported="false"
55-->src/main/AndroidManifest.xml:40:13-37
56            android:label="@string/title_dex_viewer"
56-->src/main/AndroidManifest.xml:42:13-53
57            android:parentActivityName="com.dt.manager.ui.ApkViewerActivity" />
57-->src/main/AndroidManifest.xml:41:13-63
58        <activity
58-->src/main/AndroidManifest.xml:44:9-48:51
59            android:name="com.dt.manager.ui.AboutActivity"
59-->src/main/AndroidManifest.xml:45:13-45
60            android:exported="false"
60-->src/main/AndroidManifest.xml:46:13-37
61            android:label="@string/title_about"
61-->src/main/AndroidManifest.xml:48:13-48
62            android:parentActivityName="com.dt.manager.MainActivity" />
62-->src/main/AndroidManifest.xml:47:13-55
63        <activity
63-->src/main/AndroidManifest.xml:50:9-55:58
64            android:name="com.dt.manager.ui.TextEditorActivity"
64-->src/main/AndroidManifest.xml:51:13-50
65            android:exported="false"
65-->src/main/AndroidManifest.xml:52:13-37
66            android:label="@string/title_editor"
66-->src/main/AndroidManifest.xml:54:13-49
67            android:parentActivityName="com.dt.manager.ui.ApkViewerActivity"
67-->src/main/AndroidManifest.xml:53:13-63
68            android:windowSoftInputMode="adjustResize" />
68-->src/main/AndroidManifest.xml:55:13-55
69
70        <provider
71            android:name="androidx.core.content.FileProvider"
71-->src/main/AndroidManifest.xml:58:13-62
72            android:authorities="com.dt.manager.fileprovider"
72-->src/main/AndroidManifest.xml:59:13-64
73            android:exported="false"
73-->src/main/AndroidManifest.xml:60:13-37
74            android:grantUriPermissions="true" >
74-->src/main/AndroidManifest.xml:61:13-47
75            <meta-data
75-->src/main/AndroidManifest.xml:62:13-64:54
76                android:name="android.support.FILE_PROVIDER_PATHS"
76-->src/main/AndroidManifest.xml:63:17-67
77                android:resource="@xml/file_paths" />
77-->src/main/AndroidManifest.xml:64:17-51
78        </provider>
79        <provider
79-->[androidx.emoji2:emoji2:1.2.0] AndroidManifest.xml:24:9-32:20
80            android:name="androidx.startup.InitializationProvider"
80-->[androidx.emoji2:emoji2:1.2.0] AndroidManifest.xml:25:13-67
81            android:authorities="com.dt.manager.androidx-startup"
81-->[androidx.emoji2:emoji2:1.2.0] AndroidManifest.xml:26:13-68
82            android:exported="false" >
82-->[androidx.emoji2:emoji2:1.2.0] AndroidManifest.xml:27:13-37
83            <meta-data
83-->[androidx.emoji2:emoji2:1.2.0] AndroidManifest.xml:29:13-31:52
84                android:name="androidx.emoji2.text.EmojiCompatInitializer"
84-->[androidx.emoji2:emoji2:1.2.0] AndroidManifest.xml:30:17-75
85                android:value="androidx.startup" />
85-->[androidx.emoji2:emoji2:1.2.0] AndroidManifest.xml:31:17-49
86            <meta-data
86-->[androidx.lifecycle:lifecycle-process:2.6.1] AndroidManifest.xml:29:13-31:52
87                android:name="androidx.lifecycle.ProcessLifecycleInitializer"
87-->[androidx.lifecycle:lifecycle-process:2.6.1] AndroidManifest.xml:30:17-78
88                android:value="androidx.startup" />
88-->[androidx.lifecycle:lifecycle-process:2.6.1] AndroidManifest.xml:31:17-49
89            <meta-data
89-->[androidx.profileinstaller:profileinstaller:1.3.0] AndroidManifest.xml:29:13-31:52
90                android:name="androidx.profileinstaller.ProfileInstallerInitializer"
90-->[androidx.profileinstaller:profileinstaller:1.3.0] AndroidManifest.xml:30:17-85
91                android:value="androidx.startup" />
91-->[androidx.profileinstaller:profileinstaller:1.3.0] AndroidManifest.xml:31:17-49
92        </provider>
93
94        <receiver
94-->[androidx.profileinstaller:profileinstaller:1.3.0] AndroidManifest.xml:34:9-52:20
95            android:name="androidx.profileinstaller.ProfileInstallReceiver"
95-->[androidx.profileinstaller:profileinstaller:1.3.0] AndroidManifest.xml:35:13-76
96            android:directBootAware="false"
96-->[androidx.profileinstaller:profileinstaller:1.3.0] AndroidManifest.xml:36:13-44
97            android:enabled="true"
97-->[androidx.profileinstaller:profileinstaller:1.3.0] AndroidManifest.xml:37:13-35
98            android:exported="true"
98-->[androidx.profileinstaller:profileinstaller:1.3.0] AndroidManifest.xml:38:13-36
99            android:permission="android.permission.DUMP" >
99-->[androidx.profileinstaller:profileinstaller:1.3.0] AndroidManifest.xml:39:13-57
100            <intent-filter>
100-->[androidx.profileinstaller:profileinstaller:1.3.0] AndroidManifest.xml:40:13-42:29
101                <action android:name="androidx.profileinstaller.action.INSTALL_PROFILE" />
101-->[androidx.profileinstaller:profileinstaller:1.3.0] AndroidManifest.xml:41:17-91
101-->[androidx.profileinstaller:profileinstaller:1.3.0] AndroidManifest.xml:41:25-88
102            </intent-filter>
103            <intent-filter>
103-->[androidx.profileinstaller:profileinstaller:1.3.0] AndroidManifest.xml:43:13-45:29
104                <action android:name="androidx.profileinstaller.action.SKIP_FILE" />
104-->[androidx.profileinstaller:profileinstaller:1.3.0] AndroidManifest.xml:44:17-85
104-->[androidx.profileinstaller:profileinstaller:1.3.0] AndroidManifest.xml:44:25-82
105            </intent-filter>
106            <intent-filter>
106-->[androidx.profileinstaller:profileinstaller:1.3.0] AndroidManifest.xml:46:13-48:29
107                <action android:name="androidx.profileinstaller.action.SAVE_PROFILE" />
107-->[androidx.profileinstaller:profileinstaller:1.3.0] AndroidManifest.xml:47:17-88
107-->[androidx.profileinstaller:profileinstaller:1.3.0] AndroidManifest.xml:47:25-85
108            </intent-filter>
109            <intent-filter>
109-->[androidx.profileinstaller:profileinstaller:1.3.0] AndroidManifest.xml:49:13-51:29
110                <action android:name="androidx.profileinstaller.action.BENCHMARK_OPERATION" />
110-->[androidx.profileinstaller:profileinstaller:1.3.0] AndroidManifest.xml:50:17-95
110-->[androidx.profileinstaller:profileinstaller:1.3.0] AndroidManifest.xml:50:25-92
111            </intent-filter>
112        </receiver>
113    </application>
114
115</manifest>